{"name":"hexo","hostname":"dawn-2.local","pid":2782,"level":20,"msg":"Hexo version: \u001b[35m3.1.1\u001b[39m","time":"2016-01-10T06:46:53.556Z","v":0}
{"name":"hexo","hostname":"dawn-2.local","pid":2782,"level":20,"msg":"Working directory: \u001b[35m~/frontend/dawncc/\u001b[39m","time":"2016-01-10T06:46:53.560Z","v":0}
{"name":"hexo","hostname":"dawn-2.local","pid":2782,"level":20,"msg":"Config loaded: \u001b[35m~/frontend/dawncc/_config.yml\u001b[39m","time":"2016-01-10T06:46:53.623Z","v":0}
{"name":"hexo","hostname":"dawn-2.local","pid":2782,"level":20,"msg":"Plugin loaded: \u001b[35mhexo-deployer-git\u001b[39m","time":"2016-01-10T06:46:53.791Z","v":0}
{"name":"hexo","hostname":"dawn-2.local","pid":2782,"level":20,"msg":"Plugin loaded: \u001b[35mhexo-generator-archive\u001b[39m","time":"2016-01-10T06:46:53.794Z","v":0}
{"name":"hexo","hostname":"dawn-2.local","pid":2782,"level":20,"msg":"Plugin loaded: \u001b[35mhexo-generator-category\u001b[39m","time":"2016-01-10T06:46:53.796Z","v":0}
{"name":"hexo","hostname":"dawn-2.local","pid":2782,"level":20,"msg":"Plugin loaded: \u001b[35mhexo-generator-index\u001b[39m","time":"2016-01-10T06:46:53.797Z","v":0}
{"name":"hexo","hostname":"dawn-2.local","pid":2782,"level":20,"msg":"Plugin loaded: \u001b[35mhexo-generator-tag\u001b[39m","time":"2016-01-10T06:46:53.799Z","v":0}
{"name":"hexo","hostname":"dawn-2.local","pid":2782,"level":20,"msg":"Plugin loaded: \u001b[35mhexo-renderer-ejs\u001b[39m","time":"2016-01-10T06:46:53.800Z","v":0}
{"name":"hexo","hostname":"dawn-2.local","pid":2782,"level":20,"msg":"Plugin loaded: \u001b[35mhexo-renderer-marked\u001b[39m","time":"2016-01-10T06:46:53.856Z","v":0}
{"name":"hexo","hostname":"dawn-2.local","pid":2782,"level":20,"msg":"Plugin loaded: \u001b[35mhexo-renderer-stylus\u001b[39m","time":"2016-01-10T06:46:53.944Z","v":0}
{"name":"hexo","hostname":"dawn-2.local","pid":2782,"level":20,"msg":"Plugin loaded: \u001b[35mhexo-server\u001b[39m","time":"2016-01-10T06:46:54.031Z","v":0}
{"name":"hexo","hostname":"dawn-2.local","pid":2782,"level":20,"msg":"Script loaded: \u001b[35mthemes/next/scripts/filters/sticky.js\u001b[39m","time":"2016-01-10T06:46:54.033Z","v":0}
{"name":"hexo","hostname":"dawn-2.local","pid":2782,"level":20,"msg":"Script loaded: \u001b[35mthemes/next/scripts/tags/center-quote.js\u001b[39m","time":"2016-01-10T06:46:54.033Z","v":0}
{"name":"hexo","hostname":"dawn-2.local","pid":2782,"level":20,"msg":"Script loaded: \u001b[35mthemes/next/scripts/merge-configs.js\u001b[39m","time":"2016-01-10T06:46:54.034Z","v":0}
{"name":"hexo","hostname":"dawn-2.local","pid":2782,"level":20,"msg":"Script loaded: \u001b[35mthemes/next/scripts/tags/full-image.js\u001b[39m","time":"2016-01-10T06:46:54.034Z","v":0}
{"name":"hexo","hostname":"dawn-2.local","pid":2782,"level":20,"msg":"Script loaded: \u001b[35mthemes/next/scripts/tags/group-pictures.js\u001b[39m","time":"2016-01-10T06:46:54.034Z","v":0}
{"name":"hexo","hostname":"dawn-2.local","pid":2782,"level":20,"msg":"Loading database.","time":"2016-01-10T06:46:54.043Z","v":0}
{"name":"hexo","hostname":"dawn-2.local","pid":2782,"level":20,"msg":"Added: \u001b[35msource/README\u001b[39m","time":"2016-01-10T06:46:54.067Z","v":0}
{"name":"hexo","hostname":"dawn-2.local","pid":2782,"level":20,"msg":"Added: \u001b[35msource/_posts/hello-world.md\u001b[39m","time":"2016-01-10T06:46:54.069Z","v":0}
{"name":"hexo","hostname":"dawn-2.local","pid":2782,"level":20,"msg":"Added: \u001b[35msource/debug.log\u001b[39m","time":"2016-01-10T06:46:54.069Z","v":0}
{"name":"hexo","hostname":"dawn-2.local","pid":2782,"level":20,"msg":"Added: \u001b[35msource/tags/index.md\u001b[39m","time":"2016-01-10T06:46:54.069Z","v":0}
{"name":"hexo","hostname":"dawn-2.local","pid":2782,"level":20,"msg":"Added: \u001b[35msource/about/index.md\u001b[39m","time":"2016-01-10T06:46:54.073Z","v":0}
{"name":"hexo","hostname":"dawn-2.local","pid":2782,"level":20,"msg":"Processed: \u001b[35mREADME\u001b[39m","time":"2016-01-10T06:46:54.079Z","v":0}
{"name":"hexo","hostname":"dawn-2.local","pid":2782,"level":20,"msg":"Added: \u001b[35mthemes/next/source/css/_common/_page/home.styl\u001b[39m","time":"2016-01-10T06:46:54.123Z","v":0}
{"name":"hexo","hostname":"dawn-2.local","pid":2782,"level":20,"msg":"Added: \u001b[35mthemes/next/source/css/_mixins/Mist.styl\u001b[39m","time":"2016-01-10T06:46:54.124Z","v":0}
{"name":"hexo","hostname":"dawn-2.local","pid":2782,"level":20,"msg":"Added: \u001b[35mthemes/next/source/css/_mixins/custom.styl\u001b[39m","time":"2016-01-10T06:46:54.124Z","v":0}
{"name":"hexo","hostname":"dawn-2.local","pid":2782,"level":20,"msg":"Added: \u001b[35mthemes/next/source/css/_mixins/default.styl\u001b[39m","time":"2016-01-10T06:46:54.124Z","v":0}
{"name":"hexo","hostname":"dawn-2.local","pid":2782,"level":20,"msg":"Added: \u001b[35mthemes/next/source/css/_variables/custom.styl\u001b[39m","time":"2016-01-10T06:46:54.124Z","v":0}
{"name":"hexo","hostname":"dawn-2.local","pid":2782,"level":20,"msg":"Processed: \u001b[35mtags/index.md\u001b[39m","time":"2016-01-10T06:46:54.125Z","v":0}
{"name":"hexo","hostname":"dawn-2.local","pid":2782,"level":20,"msg":"Processed: \u001b[35mdebug.log\u001b[39m","time":"2016-01-10T06:46:54.126Z","v":0}
{"name":"hexo","hostname":"dawn-2.local","pid":2782,"level":20,"msg":"Added: \u001b[35mthemes/next/_config.yml\u001b[39m","time":"2016-01-10T06:46:54.135Z","v":0}
{"name":"hexo","hostname":"dawn-2.local","pid":2782,"level":20,"msg":"Added: \u001b[35mthemes/next/README.en.md\u001b[39m","time":"2016-01-10T06:46:54.135Z","v":0}
{"name":"hexo","hostname":"dawn-2.local","pid":2782,"level":20,"msg":"Added: \u001b[35mthemes/next/languages/default.yml\u001b[39m","time":"2016-01-10T06:46:54.136Z","v":0}
{"name":"hexo","hostname":"dawn-2.local","pid":2782,"level":20,"msg":"Added: \u001b[35mthemes/next/languages/de.yml\u001b[39m","time":"2016-01-10T06:46:54.137Z","v":0}
{"name":"hexo","hostname":"dawn-2.local","pid":2782,"level":20,"msg":"Added: \u001b[35mthemes/next/languages/en.yml\u001b[39m","time":"2016-01-10T06:46:54.137Z","v":0}
{"name":"hexo","hostname":"dawn-2.local","pid":2782,"level":20,"msg":"Added: \u001b[35mthemes/next/languages/fr-FR.yml\u001b[39m","time":"2016-01-10T06:46:54.137Z","v":0}
{"name":"hexo","hostname":"dawn-2.local","pid":2782,"level":20,"msg":"Added: \u001b[35mthemes/next/languages/pt.yml\u001b[39m","time":"2016-01-10T06:46:54.137Z","v":0}
{"name":"hexo","hostname":"dawn-2.local","pid":2782,"level":20,"msg":"Added: \u001b[35mthemes/next/languages/ru.yml\u001b[39m","time":"2016-01-10T06:46:54.137Z","v":0}
{"name":"hexo","hostname":"dawn-2.local","pid":2782,"level":20,"msg":"Added: \u001b[35mthemes/next/languages/zh-Hans.yml\u001b[39m","time":"2016-01-10T06:46:54.137Z","v":0}
{"name":"hexo","hostname":"dawn-2.local","pid":2782,"level":20,"msg":"Added: \u001b[35mthemes/next/README.md\u001b[39m","time":"2016-01-10T06:46:54.137Z","v":0}
{"name":"hexo","hostname":"dawn-2.local","pid":2782,"level":20,"msg":"Added: \u001b[35mthemes/next/languages/zh-hk.yml\u001b[39m","time":"2016-01-10T06:46:54.137Z","v":0}
{"name":"hexo","hostname":"dawn-2.local","pid":2782,"level":20,"msg":"Added: \u001b[35mthemes/next/bower.json\u001b[39m","time":"2016-01-10T06:46:54.137Z","v":0}
{"name":"hexo","hostname":"dawn-2.local","pid":2782,"level":20,"msg":"Added: \u001b[35mthemes/next/languages/zh-tw.yml\u001b[39m","time":"2016-01-10T06:46:54.137Z","v":0}
{"name":"hexo","hostname":"dawn-2.local","pid":2782,"level":20,"msg":"Added: \u001b[35mthemes/next/layout/_layout.swig\u001b[39m","time":"2016-01-10T06:46:54.138Z","v":0}
{"name":"hexo","hostname":"dawn-2.local","pid":2782,"level":20,"msg":"Added: \u001b[35mthemes/next/layout/_macro/post-collapse.swig\u001b[39m","time":"2016-01-10T06:46:54.138Z","v":0}
{"name":"hexo","hostname":"dawn-2.local","pid":2782,"level":20,"msg":"Added: \u001b[35mthemes/next/layout/_macro/post.swig\u001b[39m","time":"2016-01-10T06:46:54.138Z","v":0}
{"name":"hexo","hostname":"dawn-2.local","pid":2782,"level":20,"msg":"Added: \u001b[35mthemes/next/layout/_macro/sidebar.swig\u001b[39m","time":"2016-01-10T06:46:54.138Z","v":0}
{"name":"hexo","hostname":"dawn-2.local","pid":2782,"level":20,"msg":"Added: \u001b[35mthemes/next/layout/_partials/comments.swig\u001b[39m","time":"2016-01-10T06:46:54.138Z","v":0}
{"name":"hexo","hostname":"dawn-2.local","pid":2782,"level":20,"msg":"Added: \u001b[35mthemes/next/layout/_partials/duoshuo-hot-articles.swig\u001b[39m","time":"2016-01-10T06:46:54.138Z","v":0}
{"name":"hexo","hostname":"dawn-2.local","pid":2782,"level":20,"msg":"Added: \u001b[35mthemes/next/layout/_partials/footer.swig\u001b[39m","time":"2016-01-10T06:46:54.139Z","v":0}
{"name":"hexo","hostname":"dawn-2.local","pid":2782,"level":20,"msg":"Added: \u001b[35mthemes/next/layout/_partials/head.swig\u001b[39m","time":"2016-01-10T06:46:54.139Z","v":0}
{"name":"hexo","hostname":"dawn-2.local","pid":2782,"level":20,"msg":"Added: \u001b[35mthemes/next/layout/_partials/header.swig\u001b[39m","time":"2016-01-10T06:46:54.139Z","v":0}
{"name":"hexo","hostname":"dawn-2.local","pid":2782,"level":20,"msg":"Added: \u001b[35mthemes/next/layout/_partials/old-browsers.swig\u001b[39m","time":"2016-01-10T06:46:54.139Z","v":0}
{"name":"hexo","hostname":"dawn-2.local","pid":2782,"level":20,"msg":"Added: \u001b[35mthemes/next/layout/_partials/pagination.swig\u001b[39m","time":"2016-01-10T06:46:54.139Z","v":0}
{"name":"hexo","hostname":"dawn-2.local","pid":2782,"level":20,"msg":"Added: \u001b[35mthemes/next/layout/_partials/search/swiftype.swig\u001b[39m","time":"2016-01-10T06:46:54.139Z","v":0}
{"name":"hexo","hostname":"dawn-2.local","pid":2782,"level":20,"msg":"Added: \u001b[35mthemes/next/layout/_partials/search/tinysou.swig\u001b[39m","time":"2016-01-10T06:46:54.139Z","v":0}
{"name":"hexo","hostname":"dawn-2.local","pid":2782,"level":20,"msg":"Added: \u001b[35mthemes/next/layout/_partials/search.swig\u001b[39m","time":"2016-01-10T06:46:54.139Z","v":0}
{"name":"hexo","hostname":"dawn-2.local","pid":2782,"level":20,"msg":"Added: \u001b[35mthemes/next/layout/_partials/share/duoshuo_share.swig\u001b[39m","time":"2016-01-10T06:46:54.139Z","v":0}
{"name":"hexo","hostname":"dawn-2.local","pid":2782,"level":20,"msg":"Added: \u001b[35mthemes/next/layout/_partials/share/jiathis.swig\u001b[39m","time":"2016-01-10T06:46:54.139Z","v":0}
{"name":"hexo","hostname":"dawn-2.local","pid":2782,"level":20,"msg":"Added: \u001b[35mthemes/next/layout/_scripts/analytics/baidu-analytics.swig\u001b[39m","time":"2016-01-10T06:46:54.140Z","v":0}
{"name":"hexo","hostname":"dawn-2.local","pid":2782,"level":20,"msg":"Added: \u001b[35mthemes/next/layout/_scripts/analytics/facebook-sdk.swig\u001b[39m","time":"2016-01-10T06:46:54.140Z","v":0}
{"name":"hexo","hostname":"dawn-2.local","pid":2782,"level":20,"msg":"Added: \u001b[35mthemes/next/layout/_scripts/analytics/google-analytics.swig\u001b[39m","time":"2016-01-10T06:46:54.140Z","v":0}
{"name":"hexo","hostname":"dawn-2.local","pid":2782,"level":20,"msg":"Added: \u001b[35mthemes/next/layout/_scripts/analytics.swig\u001b[39m","time":"2016-01-10T06:46:54.140Z","v":0}
{"name":"hexo","hostname":"dawn-2.local","pid":2782,"level":20,"msg":"Added: \u001b[35mthemes/next/layout/_scripts/baidushare.swig\u001b[39m","time":"2016-01-10T06:46:54.140Z","v":0}
{"name":"hexo","hostname":"dawn-2.local","pid":2782,"level":20,"msg":"Added: \u001b[35mthemes/next/layout/_scripts/bootstrap.scrollspy.swig\u001b[39m","time":"2016-01-10T06:46:54.140Z","v":0}
{"name":"hexo","hostname":"dawn-2.local","pid":2782,"level":20,"msg":"Added: \u001b[35mthemes/next/layout/_scripts/comments/disqus.swig\u001b[39m","time":"2016-01-10T06:46:54.140Z","v":0}
{"name":"hexo","hostname":"dawn-2.local","pid":2782,"level":20,"msg":"Added: \u001b[35mthemes/next/layout/_scripts/comments/duoshuo.swig\u001b[39m","time":"2016-01-10T06:46:54.140Z","v":0}
{"name":"hexo","hostname":"dawn-2.local","pid":2782,"level":20,"msg":"Added: \u001b[35mthemes/next/layout/_scripts/fancy-box.swig\u001b[39m","time":"2016-01-10T06:46:54.140Z","v":0}
{"name":"hexo","hostname":"dawn-2.local","pid":2782,"level":20,"msg":"Added: \u001b[35mthemes/next/layout/_scripts/helpers.swig\u001b[39m","time":"2016-01-10T06:46:54.140Z","v":0}
{"name":"hexo","hostname":"dawn-2.local","pid":2782,"level":20,"msg":"Added: \u001b[35mthemes/next/layout/_scripts/mathjax.swig\u001b[39m","time":"2016-01-10T06:46:54.140Z","v":0}
{"name":"hexo","hostname":"dawn-2.local","pid":2782,"level":20,"msg":"Added: \u001b[35mthemes/next/layout/_scripts/motion.swig\u001b[39m","time":"2016-01-10T06:46:54.140Z","v":0}
{"name":"hexo","hostname":"dawn-2.local","pid":2782,"level":20,"msg":"Added: \u001b[35mthemes/next/layout/_scripts/pages/post-details.swig\u001b[39m","time":"2016-01-10T06:46:54.141Z","v":0}
{"name":"hexo","hostname":"dawn-2.local","pid":2782,"level":20,"msg":"Added: \u001b[35mthemes/next/layout/_scripts/tinysou.swig\u001b[39m","time":"2016-01-10T06:46:54.141Z","v":0}
{"name":"hexo","hostname":"dawn-2.local","pid":2782,"level":20,"msg":"Added: \u001b[35mthemes/next/layout/archive.swig\u001b[39m","time":"2016-01-10T06:46:54.141Z","v":0}
{"name":"hexo","hostname":"dawn-2.local","pid":2782,"level":20,"msg":"Added: \u001b[35mthemes/next/layout/category.swig\u001b[39m","time":"2016-01-10T06:46:54.141Z","v":0}
{"name":"hexo","hostname":"dawn-2.local","pid":2782,"level":20,"msg":"Added: \u001b[35mthemes/next/layout/index.swig\u001b[39m","time":"2016-01-10T06:46:54.141Z","v":0}
{"name":"hexo","hostname":"dawn-2.local","pid":2782,"level":20,"msg":"Added: \u001b[35mthemes/next/layout/page.swig\u001b[39m","time":"2016-01-10T06:46:54.141Z","v":0}
{"name":"hexo","hostname":"dawn-2.local","pid":2782,"level":20,"msg":"Added: \u001b[35mthemes/next/layout/post.swig\u001b[39m","time":"2016-01-10T06:46:54.141Z","v":0}
{"name":"hexo","hostname":"dawn-2.local","pid":2782,"level":20,"msg":"Added: \u001b[35mthemes/next/layout/tag.swig\u001b[39m","time":"2016-01-10T06:46:54.141Z","v":0}
{"name":"hexo","hostname":"dawn-2.local","pid":2782,"level":20,"msg":"Added: \u001b[35mthemes/next/scripts/filters/sticky.js\u001b[39m","time":"2016-01-10T06:46:54.141Z","v":0}
{"name":"hexo","hostname":"dawn-2.local","pid":2782,"level":20,"msg":"Added: \u001b[35mthemes/next/scripts/merge-configs.js\u001b[39m","time":"2016-01-10T06:46:54.141Z","v":0}
{"name":"hexo","hostname":"dawn-2.local","pid":2782,"level":20,"msg":"Added: \u001b[35mthemes/next/scripts/tags/center-quote.js\u001b[39m","time":"2016-01-10T06:46:54.141Z","v":0}
{"name":"hexo","hostname":"dawn-2.local","pid":2782,"level":20,"msg":"Added: \u001b[35mthemes/next/scripts/tags/full-image.js\u001b[39m","time":"2016-01-10T06:46:54.141Z","v":0}
{"name":"hexo","hostname":"dawn-2.local","pid":2782,"level":20,"msg":"Added: \u001b[35mthemes/next/scripts/tags/group-pictures.js\u001b[39m","time":"2016-01-10T06:46:54.141Z","v":0}
{"name":"hexo","hostname":"dawn-2.local","pid":2782,"level":20,"msg":"Added: \u001b[35mthemes/next/source/css/_common/_component/back-to-top.styl\u001b[39m","time":"2016-01-10T06:46:54.141Z","v":0}
{"name":"hexo","hostname":"dawn-2.local","pid":2782,"level":20,"msg":"Added: \u001b[35mthemes/next/source/css/_common/_component/blockquote-center.styl\u001b[39m","time":"2016-01-10T06:46:54.142Z","v":0}
{"name":"hexo","hostname":"dawn-2.local","pid":2782,"level":20,"msg":"Added: \u001b[35mthemes/next/source/css/_common/_component/buttons.styl\u001b[39m","time":"2016-01-10T06:46:54.142Z","v":0}
{"name":"hexo","hostname":"dawn-2.local","pid":2782,"level":20,"msg":"Added: \u001b[35mthemes/next/source/css/_common/_component/comments.styl\u001b[39m","time":"2016-01-10T06:46:54.142Z","v":0}
{"name":"hexo","hostname":"dawn-2.local","pid":2782,"level":20,"msg":"Added: \u001b[35mthemes/next/source/css/_common/_component/duoshuo.styl\u001b[39m","time":"2016-01-10T06:46:54.142Z","v":0}
{"name":"hexo","hostname":"dawn-2.local","pid":2782,"level":20,"msg":"Added: \u001b[35mthemes/next/source/css/_common/_component/gallery.styl\u001b[39m","time":"2016-01-10T06:46:54.142Z","v":0}
{"name":"hexo","hostname":"dawn-2.local","pid":2782,"level":20,"msg":"Added: \u001b[35mthemes/next/source/css/_common/_component/group-pictures.styl\u001b[39m","time":"2016-01-10T06:46:54.142Z","v":0}
{"name":"hexo","hostname":"dawn-2.local","pid":2782,"level":20,"msg":"Added: \u001b[35mthemes/next/source/css/_common/_component/jiathis.styl\u001b[39m","time":"2016-01-10T06:46:54.142Z","v":0}
{"name":"hexo","hostname":"dawn-2.local","pid":2782,"level":20,"msg":"Added: \u001b[35mthemes/next/source/css/_common/_component/pagination.styl\u001b[39m","time":"2016-01-10T06:46:54.142Z","v":0}
{"name":"hexo","hostname":"dawn-2.local","pid":2782,"level":20,"msg":"Added: \u001b[35mthemes/next/source/css/_common/_component/posts-collapse.styl\u001b[39m","time":"2016-01-10T06:46:54.142Z","v":0}
{"name":"hexo","hostname":"dawn-2.local","pid":2782,"level":20,"msg":"Added: \u001b[35mthemes/next/source/css/_common/_component/posts-expand.styl\u001b[39m","time":"2016-01-10T06:46:54.142Z","v":0}
{"name":"hexo","hostname":"dawn-2.local","pid":2782,"level":20,"msg":"Added: \u001b[35mthemes/next/source/css/_common/_component/posts-type.styl\u001b[39m","time":"2016-01-10T06:46:54.142Z","v":0}
{"name":"hexo","hostname":"dawn-2.local","pid":2782,"level":20,"msg":"Added: \u001b[35mthemes/next/source/css/_common/_component/posts.styl\u001b[39m","time":"2016-01-10T06:46:54.142Z","v":0}
{"name":"hexo","hostname":"dawn-2.local","pid":2782,"level":20,"msg":"Added: \u001b[35mthemes/next/source/css/_common/_component/tag-cloud.styl\u001b[39m","time":"2016-01-10T06:46:54.142Z","v":0}
{"name":"hexo","hostname":"dawn-2.local","pid":2782,"level":20,"msg":"Added: \u001b[35mthemes/next/source/css/_common/_core/base.styl\u001b[39m","time":"2016-01-10T06:46:54.142Z","v":0}
{"name":"hexo","hostname":"dawn-2.local","pid":2782,"level":20,"msg":"Added: \u001b[35mthemes/next/source/css/_common/_core/helpers.styl\u001b[39m","time":"2016-01-10T06:46:54.142Z","v":0}
{"name":"hexo","hostname":"dawn-2.local","pid":2782,"level":20,"msg":"Added: \u001b[35mthemes/next/source/css/_common/_core/normalize.styl\u001b[39m","time":"2016-01-10T06:46:54.143Z","v":0}
{"name":"hexo","hostname":"dawn-2.local","pid":2782,"level":20,"msg":"Added: \u001b[35mthemes/next/source/css/_common/_core/scaffolding.styl\u001b[39m","time":"2016-01-10T06:46:54.143Z","v":0}
{"name":"hexo","hostname":"dawn-2.local","pid":2782,"level":20,"msg":"Added: \u001b[35mthemes/next/source/css/_common/_core/tables.styl\u001b[39m","time":"2016-01-10T06:46:54.143Z","v":0}
{"name":"hexo","hostname":"dawn-2.local","pid":2782,"level":20,"msg":"Added: \u001b[35mthemes/next/source/css/_common/_fonts/icon-feather.styl\u001b[39m","time":"2016-01-10T06:46:54.143Z","v":0}
{"name":"hexo","hostname":"dawn-2.local","pid":2782,"level":20,"msg":"Added: \u001b[35mthemes/next/source/css/_common/_fonts/icon-fifty-shades.styl\u001b[39m","time":"2016-01-10T06:46:54.143Z","v":0}
{"name":"hexo","hostname":"dawn-2.local","pid":2782,"level":20,"msg":"Added: \u001b[35mthemes/next/source/css/_common/_page/archive.styl\u001b[39m","time":"2016-01-10T06:46:54.143Z","v":0}
{"name":"hexo","hostname":"dawn-2.local","pid":2782,"level":20,"msg":"Added: \u001b[35mthemes/next/source/css/_common/_page/categories.styl\u001b[39m","time":"2016-01-10T06:46:54.143Z","v":0}
{"name":"hexo","hostname":"dawn-2.local","pid":2782,"level":20,"msg":"Added: \u001b[35mthemes/next/source/css/_common/_page/post-detail.styl\u001b[39m","time":"2016-01-10T06:46:54.143Z","v":0}
{"name":"hexo","hostname":"dawn-2.local","pid":2782,"level":20,"msg":"Added: \u001b[35mthemes/next/source/css/_common/_fonts/icon-default.styl\u001b[39m","time":"2016-01-10T06:46:54.143Z","v":0}
{"name":"hexo","hostname":"dawn-2.local","pid":2782,"level":20,"msg":"Added: \u001b[35mthemes/next/source/css/_common/_section/footer.styl\u001b[39m","time":"2016-01-10T06:46:54.143Z","v":0}
{"name":"hexo","hostname":"dawn-2.local","pid":2782,"level":20,"msg":"Added: \u001b[35mthemes/next/source/css/_common/_section/header.styl\u001b[39m","time":"2016-01-10T06:46:54.143Z","v":0}
{"name":"hexo","hostname":"dawn-2.local","pid":2782,"level":20,"msg":"Added: \u001b[35mthemes/next/source/css/_common/_section/layout.styl\u001b[39m","time":"2016-01-10T06:46:54.143Z","v":0}
{"name":"hexo","hostname":"dawn-2.local","pid":2782,"level":20,"msg":"Added: \u001b[35mthemes/next/source/css/_common/_section/media.styl\u001b[39m","time":"2016-01-10T06:46:54.143Z","v":0}
{"name":"hexo","hostname":"dawn-2.local","pid":2782,"level":20,"msg":"Added: \u001b[35mthemes/next/source/css/_common/_section/sidebar.styl\u001b[39m","time":"2016-01-10T06:46:54.144Z","v":0}
{"name":"hexo","hostname":"dawn-2.local","pid":2782,"level":20,"msg":"Added: \u001b[35mthemes/next/source/css/_common/_vendor/highlight/highlight.styl\u001b[39m","time":"2016-01-10T06:46:54.144Z","v":0}
{"name":"hexo","hostname":"dawn-2.local","pid":2782,"level":20,"msg":"Added: \u001b[35mthemes/next/source/css/_common/_vendor/highlight/theme.styl\u001b[39m","time":"2016-01-10T06:46:54.144Z","v":0}
{"name":"hexo","hostname":"dawn-2.local","pid":2782,"level":20,"msg":"Added: \u001b[35mthemes/next/source/css/_common/_fonts/icon-linecons.styl\u001b[39m","time":"2016-01-10T06:46:54.144Z","v":0}
{"name":"hexo","hostname":"dawn-2.local","pid":2782,"level":20,"msg":"Added: \u001b[35mthemes/next/source/css/_common/_fonts/icon-font.styl\u001b[39m","time":"2016-01-10T06:46:54.144Z","v":0}
{"name":"hexo","hostname":"dawn-2.local","pid":2782,"level":20,"msg":"Added: \u001b[35mthemes/next/source/css/_mixins/base.styl\u001b[39m","time":"2016-01-10T06:46:54.144Z","v":0}
{"name":"hexo","hostname":"dawn-2.local","pid":2782,"level":20,"msg":"Added: \u001b[35mthemes/next/source/css/_common/_section/body.styl\u001b[39m","time":"2016-01-10T06:46:54.144Z","v":0}
{"name":"hexo","hostname":"dawn-2.local","pid":2782,"level":20,"msg":"Added: \u001b[35mthemes/next/source/css/_custom/custom.styl\u001b[39m","time":"2016-01-10T06:46:54.144Z","v":0}
{"name":"hexo","hostname":"dawn-2.local","pid":2782,"level":20,"msg":"Added: \u001b[35mthemes/next/source/css/_schemes/Mist/_base.styl\u001b[39m","time":"2016-01-10T06:46:54.144Z","v":0}
{"name":"hexo","hostname":"dawn-2.local","pid":2782,"level":20,"msg":"Added: \u001b[35mthemes/next/source/css/_schemes/Mist/_header.styl\u001b[39m","time":"2016-01-10T06:46:54.144Z","v":0}
{"name":"hexo","hostname":"dawn-2.local","pid":2782,"level":20,"msg":"Added: \u001b[35mthemes/next/source/css/_schemes/Mist/_menu.styl\u001b[39m","time":"2016-01-10T06:46:54.144Z","v":0}
{"name":"hexo","hostname":"dawn-2.local","pid":2782,"level":20,"msg":"Added: \u001b[35mthemes/next/source/css/_schemes/default/_logo.styl\u001b[39m","time":"2016-01-10T06:46:54.144Z","v":0}
{"name":"hexo","hostname":"dawn-2.local","pid":2782,"level":20,"msg":"Added: \u001b[35mthemes/next/source/css/_schemes/default/_menu.styl\u001b[39m","time":"2016-01-10T06:46:54.145Z","v":0}
{"name":"hexo","hostname":"dawn-2.local","pid":2782,"level":20,"msg":"Added: \u001b[35mthemes/next/source/css/_schemes/Mist/_logo.styl\u001b[39m","time":"2016-01-10T06:46:54.145Z","v":0}
{"name":"hexo","hostname":"dawn-2.local","pid":2782,"level":20,"msg":"Added: \u001b[35mthemes/next/source/css/_schemes/default/_search.styl\u001b[39m","time":"2016-01-10T06:46:54.146Z","v":0}
{"name":"hexo","hostname":"dawn-2.local","pid":2782,"level":20,"msg":"Added: \u001b[35mthemes/next/source/css/_schemes/default/index.styl\u001b[39m","time":"2016-01-10T06:46:54.146Z","v":0}
{"name":"hexo","hostname":"dawn-2.local","pid":2782,"level":20,"msg":"Added: \u001b[35mthemes/next/source/css/_variables/base.styl\u001b[39m","time":"2016-01-10T06:46:54.147Z","v":0}
{"name":"hexo","hostname":"dawn-2.local","pid":2782,"level":20,"msg":"Added: \u001b[35mthemes/next/source/css/_variables/default.styl\u001b[39m","time":"2016-01-10T06:46:54.147Z","v":0}
{"name":"hexo","hostname":"dawn-2.local","pid":2782,"level":20,"msg":"Added: \u001b[35mthemes/next/source/css/main.styl\u001b[39m","time":"2016-01-10T06:46:54.148Z","v":0}
{"name":"hexo","hostname":"dawn-2.local","pid":2782,"level":20,"msg":"Added: \u001b[35mthemes/next/source/css/_schemes/Mist/_posts-expanded.styl\u001b[39m","time":"2016-01-10T06:46:54.148Z","v":0}
{"name":"hexo","hostname":"dawn-2.local","pid":2782,"level":20,"msg":"Added: \u001b[35mthemes/next/source/css/_schemes/Mist/index.styl\u001b[39m","time":"2016-01-10T06:46:54.148Z","v":0}
{"name":"hexo","hostname":"dawn-2.local","pid":2782,"level":20,"msg":"Added: \u001b[35mthemes/next/source/images/cc-by-nc.svg\u001b[39m","time":"2016-01-10T06:46:54.148Z","v":0}
{"name":"hexo","hostname":"dawn-2.local","pid":2782,"level":20,"msg":"Added: \u001b[35mthemes/next/source/images/cc-by-nc-sa.svg\u001b[39m","time":"2016-01-10T06:46:54.148Z","v":0}
{"name":"hexo","hostname":"dawn-2.local","pid":2782,"level":20,"msg":"Added: \u001b[35mthemes/next/source/images/cc-by-nd.svg\u001b[39m","time":"2016-01-10T06:46:54.148Z","v":0}
{"name":"hexo","hostname":"dawn-2.local","pid":2782,"level":20,"msg":"Added: \u001b[35mthemes/next/source/images/cc-by-sa.svg\u001b[39m","time":"2016-01-10T06:46:54.149Z","v":0}
{"name":"hexo","hostname":"dawn-2.local","pid":2782,"level":20,"msg":"Added: \u001b[35mthemes/next/source/images/cc-zero.svg\u001b[39m","time":"2016-01-10T06:46:54.149Z","v":0}
{"name":"hexo","hostname":"dawn-2.local","pid":2782,"level":20,"msg":"Added: \u001b[35mthemes/next/source/images/cc-by.svg\u001b[39m","time":"2016-01-10T06:46:54.149Z","v":0}
{"name":"hexo","hostname":"dawn-2.local","pid":2782,"level":20,"msg":"Added: \u001b[35mthemes/next/source/images/loading.gif\u001b[39m","time":"2016-01-10T06:46:54.149Z","v":0}
{"name":"hexo","hostname":"dawn-2.local","pid":2782,"level":20,"msg":"Added: \u001b[35mthemes/next/source/css/_variables/Mist.styl\u001b[39m","time":"2016-01-10T06:46:54.149Z","v":0}
{"name":"hexo","hostname":"dawn-2.local","pid":2782,"level":20,"msg":"Added: \u001b[35mthemes/next/source/images/placeholder.gif\u001b[39m","time":"2016-01-10T06:46:54.149Z","v":0}
{"name":"hexo","hostname":"dawn-2.local","pid":2782,"level":20,"msg":"Added: \u001b[35mthemes/next/source/images/quote-l.svg\u001b[39m","time":"2016-01-10T06:46:54.149Z","v":0}
{"name":"hexo","hostname":"dawn-2.local","pid":2782,"level":20,"msg":"Added: \u001b[35mthemes/next/source/images/quote-r.svg\u001b[39m","time":"2016-01-10T06:46:54.149Z","v":0}
{"name":"hexo","hostname":"dawn-2.local","pid":2782,"level":20,"msg":"Added: \u001b[35mthemes/next/source/images/searchicon.png\u001b[39m","time":"2016-01-10T06:46:54.149Z","v":0}
{"name":"hexo","hostname":"dawn-2.local","pid":2782,"level":20,"msg":"Added: \u001b[35mthemes/next/source/js/bootstrap.js\u001b[39m","time":"2016-01-10T06:46:54.150Z","v":0}
{"name":"hexo","hostname":"dawn-2.local","pid":2782,"level":20,"msg":"Added: \u001b[35mthemes/next/source/images/cc-by-nc-nd.svg\u001b[39m","time":"2016-01-10T06:46:54.150Z","v":0}
{"name":"hexo","hostname":"dawn-2.local","pid":2782,"level":20,"msg":"Added: \u001b[35mthemes/next/source/js/fancy-box.js\u001b[39m","time":"2016-01-10T06:46:54.150Z","v":0}
{"name":"hexo","hostname":"dawn-2.local","pid":2782,"level":20,"msg":"Added: \u001b[35mthemes/next/source/js/bootstrap.scrollspy.js\u001b[39m","time":"2016-01-10T06:46:54.151Z","v":0}
{"name":"hexo","hostname":"dawn-2.local","pid":2782,"level":20,"msg":"Added: \u001b[35mthemes/next/source/js/helpers.js\u001b[39m","time":"2016-01-10T06:46:54.151Z","v":0}
{"name":"hexo","hostname":"dawn-2.local","pid":2782,"level":20,"msg":"Added: \u001b[35mthemes/next/source/js/hook-duoshuo.js\u001b[39m","time":"2016-01-10T06:46:54.151Z","v":0}
{"name":"hexo","hostname":"dawn-2.local","pid":2782,"level":20,"msg":"Added: \u001b[35mthemes/next/source/vendors/fancybox/source/fancybox_loading.gif\u001b[39m","time":"2016-01-10T06:46:54.151Z","v":0}
{"name":"hexo","hostname":"dawn-2.local","pid":2782,"level":20,"msg":"Added: \u001b[35mthemes/next/source/vendors/fancybox/source/fancybox_loading@2x.gif\u001b[39m","time":"2016-01-10T06:46:54.152Z","v":0}
{"name":"hexo","hostname":"dawn-2.local","pid":2782,"level":20,"msg":"Added: \u001b[35mthemes/next/source/vendors/fancybox/source/fancybox_overlay.png\u001b[39m","time":"2016-01-10T06:46:54.152Z","v":0}
{"name":"hexo","hostname":"dawn-2.local","pid":2782,"level":20,"msg":"Added: \u001b[35mthemes/next/source/vendors/fancybox/source/fancybox_sprite.png\u001b[39m","time":"2016-01-10T06:46:54.152Z","v":0}
{"name":"hexo","hostname":"dawn-2.local","pid":2782,"level":20,"msg":"Added: \u001b[35mthemes/next/source/vendors/fancybox/source/fancybox_sprite@2x.png\u001b[39m","time":"2016-01-10T06:46:54.152Z","v":0}
{"name":"hexo","hostname":"dawn-2.local","pid":2782,"level":20,"msg":"Added: \u001b[35mthemes/next/source/js/motion.js\u001b[39m","time":"2016-01-10T06:46:54.152Z","v":0}
{"name":"hexo","hostname":"dawn-2.local","pid":2782,"level":20,"msg":"Added: \u001b[35mthemes/next/source/vendors/fancybox/source/helpers/jquery.fancybox-buttons.css\u001b[39m","time":"2016-01-10T06:46:54.152Z","v":0}
{"name":"hexo","hostname":"dawn-2.local","pid":2782,"level":20,"msg":"Added: \u001b[35mthemes/next/source/vendors/fancybox/source/blank.gif\u001b[39m","time":"2016-01-10T06:46:54.152Z","v":0}
{"name":"hexo","hostname":"dawn-2.local","pid":2782,"level":20,"msg":"Added: \u001b[35mthemes/next/source/js/ua-parser.min.js\u001b[39m","time":"2016-01-10T06:46:54.152Z","v":0}
{"name":"hexo","hostname":"dawn-2.local","pid":2782,"level":20,"msg":"Added: \u001b[35mthemes/next/source/vendors/fancybox/source/helpers/jquery.fancybox-thumbs.css\u001b[39m","time":"2016-01-10T06:46:54.152Z","v":0}
{"name":"hexo","hostname":"dawn-2.local","pid":2782,"level":20,"msg":"Added: \u001b[35mthemes/next/source/vendors/fancybox/source/helpers/jquery.fancybox-buttons.js\u001b[39m","time":"2016-01-10T06:46:54.152Z","v":0}
{"name":"hexo","hostname":"dawn-2.local","pid":2782,"level":20,"msg":"Added: \u001b[35mthemes/next/source/vendors/fancybox/source/helpers/fancybox_buttons.png\u001b[39m","time":"2016-01-10T06:46:54.152Z","v":0}
{"name":"hexo","hostname":"dawn-2.local","pid":2782,"level":20,"msg":"Added: \u001b[35mthemes/next/source/vendors/fancybox/source/helpers/jquery.fancybox-media.js\u001b[39m","time":"2016-01-10T06:46:54.153Z","v":0}
{"name":"hexo","hostname":"dawn-2.local","pid":2782,"level":20,"msg":"Added: \u001b[35mthemes/next/source/vendors/fancybox/source/jquery.fancybox.js\u001b[39m","time":"2016-01-10T06:46:54.153Z","v":0}
{"name":"hexo","hostname":"dawn-2.local","pid":2782,"level":20,"msg":"Added: \u001b[35mthemes/next/source/vendors/fastclick/LICENSE\u001b[39m","time":"2016-01-10T06:46:54.153Z","v":0}
{"name":"hexo","hostname":"dawn-2.local","pid":2782,"level":20,"msg":"Added: \u001b[35mthemes/next/source/vendors/fastclick/README.md\u001b[39m","time":"2016-01-10T06:46:54.153Z","v":0}
{"name":"hexo","hostname":"dawn-2.local","pid":2782,"level":20,"msg":"Added: \u001b[35mthemes/next/source/vendors/fastclick/bower.json\u001b[39m","time":"2016-01-10T06:46:54.153Z","v":0}
{"name":"hexo","hostname":"dawn-2.local","pid":2782,"level":20,"msg":"Added: \u001b[35mthemes/next/source/vendors/fastclick/lib/fastclick.js\u001b[39m","time":"2016-01-10T06:46:54.153Z","v":0}
{"name":"hexo","hostname":"dawn-2.local","pid":2782,"level":20,"msg":"Added: \u001b[35mthemes/next/source/vendors/fancybox/source/jquery.fancybox.css\u001b[39m","time":"2016-01-10T06:46:54.153Z","v":0}
{"name":"hexo","hostname":"dawn-2.local","pid":2782,"level":20,"msg":"Added: \u001b[35mthemes/next/source/vendors/font-awesome/HELP-US-OUT.txt\u001b[39m","time":"2016-01-10T06:46:54.153Z","v":0}
{"name":"hexo","hostname":"dawn-2.local","pid":2782,"level":20,"msg":"Added: \u001b[35mthemes/next/source/vendors/fancybox/source/helpers/jquery.fancybox-thumbs.js\u001b[39m","time":"2016-01-10T06:46:54.153Z","v":0}
{"name":"hexo","hostname":"dawn-2.local","pid":2782,"level":20,"msg":"Added: \u001b[35mthemes/next/source/vendors/font-awesome/bower.json\u001b[39m","time":"2016-01-10T06:46:54.154Z","v":0}
{"name":"hexo","hostname":"dawn-2.local","pid":2782,"level":20,"msg":"Added: \u001b[35mthemes/next/source/vendors/font-awesome/css/font-awesome.css.map\u001b[39m","time":"2016-01-10T06:46:54.154Z","v":0}
{"name":"hexo","hostname":"dawn-2.local","pid":2782,"level":20,"msg":"Added: \u001b[35mthemes/next/source/vendors/fancybox/source/jquery.fancybox.pack.js\u001b[39m","time":"2016-01-10T06:46:54.154Z","v":0}
{"name":"hexo","hostname":"dawn-2.local","pid":2782,"level":20,"msg":"Added: \u001b[35mthemes/next/source/vendors/font-awesome/css/font-awesome.min.css\u001b[39m","time":"2016-01-10T06:46:54.155Z","v":0}
{"name":"hexo","hostname":"dawn-2.local","pid":2782,"level":20,"msg":"Added: \u001b[35mthemes/next/source/vendors/fastclick/lib/fastclick.min.js\u001b[39m","time":"2016-01-10T06:46:54.155Z","v":0}
{"name":"hexo","hostname":"dawn-2.local","pid":2782,"level":20,"msg":"Added: \u001b[35mthemes/next/source/vendors/font-awesome/css/font-awesome.css\u001b[39m","time":"2016-01-10T06:46:54.155Z","v":0}
{"name":"hexo","hostname":"dawn-2.local","pid":2782,"level":20,"msg":"Added: \u001b[35mthemes/next/source/vendors/font-awesome/fonts/fontawesome-webfont.woff2\u001b[39m","time":"2016-01-10T06:46:54.155Z","v":0}
{"name":"hexo","hostname":"dawn-2.local","pid":2782,"level":20,"msg":"Added: \u001b[35mthemes/next/source/vendors/jquery_lazyload/CONTRIBUTING.md\u001b[39m","time":"2016-01-10T06:46:54.165Z","v":0}
{"name":"hexo","hostname":"dawn-2.local","pid":2782,"level":20,"msg":"Added: \u001b[35mthemes/next/source/vendors/jquery_lazyload/README.md\u001b[39m","time":"2016-01-10T06:46:54.165Z","v":0}
{"name":"hexo","hostname":"dawn-2.local","pid":2782,"level":20,"msg":"Added: \u001b[35mthemes/next/source/vendors/jquery_lazyload/bower.json\u001b[39m","time":"2016-01-10T06:46:54.166Z","v":0}
{"name":"hexo","hostname":"dawn-2.local","pid":2782,"level":20,"msg":"Added: \u001b[35mthemes/next/source/vendors/jquery_lazyload/jquery.lazyload.js\u001b[39m","time":"2016-01-10T06:46:54.166Z","v":0}
{"name":"hexo","hostname":"dawn-2.local","pid":2782,"level":20,"msg":"Added: \u001b[35mthemes/next/source/vendors/velocity/bower.json\u001b[39m","time":"2016-01-10T06:46:54.166Z","v":0}
{"name":"hexo","hostname":"dawn-2.local","pid":2782,"level":20,"msg":"Added: \u001b[35mthemes/next/source/vendors/jquery_lazyload/jquery.scrollstop.js\u001b[39m","time":"2016-01-10T06:46:54.166Z","v":0}
{"name":"hexo","hostname":"dawn-2.local","pid":2782,"level":20,"msg":"Added: \u001b[35mthemes/next/source/vendors/velocity/velocity.ui.js\u001b[39m","time":"2016-01-10T06:46:54.166Z","v":0}
{"name":"hexo","hostname":"dawn-2.local","pid":2782,"level":20,"msg":"Added: \u001b[35mthemes/next/source/vendors/velocity/velocity.ui.min.js\u001b[39m","time":"2016-01-10T06:46:54.166Z","v":0}
{"name":"hexo","hostname":"dawn-2.local","pid":2782,"level":20,"msg":"Added: \u001b[35mthemes/next/test/intern.js\u001b[39m","time":"2016-01-10T06:46:54.166Z","v":0}
{"name":"hexo","hostname":"dawn-2.local","pid":2782,"level":20,"msg":"Added: \u001b[35mthemes/next/test/helpers.js\u001b[39m","time":"2016-01-10T06:46:54.166Z","v":0}
{"name":"hexo","hostname":"dawn-2.local","pid":2782,"level":20,"msg":"Added: \u001b[35mthemes/next/debug.log\u001b[39m","time":"2016-01-10T06:46:54.166Z","v":0}
{"name":"hexo","hostname":"dawn-2.local","pid":2782,"level":20,"msg":"Added: \u001b[35mthemes/next/source/vendors/velocity/velocity.min.js\u001b[39m","time":"2016-01-10T06:46:54.166Z","v":0}
{"name":"hexo","hostname":"dawn-2.local","pid":2782,"level":20,"msg":"Added: \u001b[35mthemes/next/source/vendors/font-awesome/fonts/FontAwesome.otf\u001b[39m","time":"2016-01-10T06:46:54.167Z","v":0}
{"name":"hexo","hostname":"dawn-2.local","pid":2782,"level":20,"msg":"Added: \u001b[35mthemes/next/source/vendors/jquery/index.js\u001b[39m","time":"2016-01-10T06:46:54.167Z","v":0}
{"name":"hexo","hostname":"dawn-2.local","pid":2782,"level":20,"msg":"Added: \u001b[35mthemes/next/source/vendors/font-awesome/fonts/fontawesome-webfont.eot\u001b[39m","time":"2016-01-10T06:46:54.167Z","v":0}
{"name":"hexo","hostname":"dawn-2.local","pid":2782,"level":20,"msg":"Added: \u001b[35mthemes/next/source/vendors/font-awesome/fonts/fontawesome-webfont.woff\u001b[39m","time":"2016-01-10T06:46:54.168Z","v":0}
{"name":"hexo","hostname":"dawn-2.local","pid":2782,"level":20,"msg":"Added: \u001b[35mthemes/next/source/vendors/font-awesome/fonts/fontawesome-webfont.ttf\u001b[39m","time":"2016-01-10T06:46:54.168Z","v":0}
{"name":"hexo","hostname":"dawn-2.local","pid":2782,"level":20,"msg":"Processed: \u001b[35mabout/index.md\u001b[39m","time":"2016-01-10T06:46:54.168Z","v":0}
{"name":"hexo","hostname":"dawn-2.local","pid":2782,"level":20,"msg":"Added: \u001b[35mthemes/next/source/vendors/velocity/velocity.js\u001b[39m","time":"2016-01-10T06:46:54.169Z","v":0}
{"name":"hexo","hostname":"dawn-2.local","pid":2782,"level":20,"msg":"Added: \u001b[35mthemes/next/source/vendors/font-awesome/fonts/fontawesome-webfont.svg\u001b[39m","time":"2016-01-10T06:46:54.170Z","v":0}
{"name":"hexo","hostname":"dawn-2.local","pid":2782,"level":20,"msg":"Processed: \u001b[35m_posts/hello-world.md\u001b[39m","time":"2016-01-10T06:46:54.174Z","v":0}
{"name":"hexo","hostname":"dawn-2.local","pid":2782,"level":20,"msg":"Processed: \u001b[35msource/vendors/velocity/velocity.ui.min.js\u001b[39m","time":"2016-01-10T06:46:54.174Z","v":0}
{"name":"hexo","hostname":"dawn-2.local","pid":2782,"level":20,"msg":"Processed: \u001b[35msource/vendors/velocity/velocity.ui.js\u001b[39m","time":"2016-01-10T06:46:54.175Z","v":0}
{"name":"hexo","hostname":"dawn-2.local","pid":2782,"level":20,"msg":"Processed: \u001b[35msource/vendors/velocity/velocity.min.js\u001b[39m","time":"2016-01-10T06:46:54.175Z","v":0}
{"name":"hexo","hostname":"dawn-2.local","pid":2782,"level":20,"msg":"Processed: \u001b[35msource/vendors/velocity/velocity.js\u001b[39m","time":"2016-01-10T06:46:54.175Z","v":0}
{"name":"hexo","hostname":"dawn-2.local","pid":2782,"level":20,"msg":"Processed: \u001b[35msource/vendors/velocity/bower.json\u001b[39m","time":"2016-01-10T06:46:54.175Z","v":0}
{"name":"hexo","hostname":"dawn-2.local","pid":2782,"level":20,"msg":"Processed: \u001b[35msource/vendors/jquery_lazyload/jquery.scrollstop.js\u001b[39m","time":"2016-01-10T06:46:54.175Z","v":0}
{"name":"hexo","hostname":"dawn-2.local","pid":2782,"level":20,"msg":"Processed: \u001b[35msource/vendors/jquery_lazyload/jquery.lazyload.js\u001b[39m","time":"2016-01-10T06:46:54.176Z","v":0}
{"name":"hexo","hostname":"dawn-2.local","pid":2782,"level":20,"msg":"Processed: \u001b[35msource/vendors/jquery_lazyload/bower.json\u001b[39m","time":"2016-01-10T06:46:54.176Z","v":0}
{"name":"hexo","hostname":"dawn-2.local","pid":2782,"level":20,"msg":"Processed: \u001b[35msource/vendors/jquery_lazyload/README.md\u001b[39m","time":"2016-01-10T06:46:54.176Z","v":0}
{"name":"hexo","hostname":"dawn-2.local","pid":2782,"level":20,"msg":"Processed: \u001b[35msource/vendors/jquery_lazyload/CONTRIBUTING.md\u001b[39m","time":"2016-01-10T06:46:54.176Z","v":0}
{"name":"hexo","hostname":"dawn-2.local","pid":2782,"level":20,"msg":"Processed: \u001b[35msource/vendors/jquery/index.js\u001b[39m","time":"2016-01-10T06:46:54.176Z","v":0}
{"name":"hexo","hostname":"dawn-2.local","pid":2782,"level":20,"msg":"Processed: \u001b[35msource/vendors/font-awesome/fonts/fontawesome-webfont.woff2\u001b[39m","time":"2016-01-10T06:46:54.177Z","v":0}
{"name":"hexo","hostname":"dawn-2.local","pid":2782,"level":20,"msg":"Processed: \u001b[35msource/vendors/font-awesome/fonts/fontawesome-webfont.woff\u001b[39m","time":"2016-01-10T06:46:54.177Z","v":0}
{"name":"hexo","hostname":"dawn-2.local","pid":2782,"level":20,"msg":"Processed: \u001b[35msource/vendors/font-awesome/fonts/fontawesome-webfont.ttf\u001b[39m","time":"2016-01-10T06:46:54.177Z","v":0}
{"name":"hexo","hostname":"dawn-2.local","pid":2782,"level":20,"msg":"Processed: \u001b[35msource/vendors/font-awesome/fonts/fontawesome-webfont.svg\u001b[39m","time":"2016-01-10T06:46:54.177Z","v":0}
{"name":"hexo","hostname":"dawn-2.local","pid":2782,"level":20,"msg":"Processed: \u001b[35msource/vendors/font-awesome/fonts/fontawesome-webfont.eot\u001b[39m","time":"2016-01-10T06:46:54.177Z","v":0}
{"name":"hexo","hostname":"dawn-2.local","pid":2782,"level":20,"msg":"Processed: \u001b[35msource/vendors/font-awesome/fonts/FontAwesome.otf\u001b[39m","time":"2016-01-10T06:46:54.177Z","v":0}
{"name":"hexo","hostname":"dawn-2.local","pid":2782,"level":20,"msg":"Processed: \u001b[35msource/vendors/font-awesome/css/font-awesome.min.css\u001b[39m","time":"2016-01-10T06:46:54.178Z","v":0}
{"name":"hexo","hostname":"dawn-2.local","pid":2782,"level":20,"msg":"Processed: \u001b[35msource/vendors/font-awesome/css/font-awesome.css.map\u001b[39m","time":"2016-01-10T06:46:54.178Z","v":0}
{"name":"hexo","hostname":"dawn-2.local","pid":2782,"level":20,"msg":"Processed: \u001b[35msource/vendors/font-awesome/css/font-awesome.css\u001b[39m","time":"2016-01-10T06:46:54.178Z","v":0}
{"name":"hexo","hostname":"dawn-2.local","pid":2782,"level":20,"msg":"Processed: \u001b[35msource/vendors/font-awesome/bower.json\u001b[39m","time":"2016-01-10T06:46:54.178Z","v":0}
{"name":"hexo","hostname":"dawn-2.local","pid":2782,"level":20,"msg":"Processed: \u001b[35msource/vendors/font-awesome/HELP-US-OUT.txt\u001b[39m","time":"2016-01-10T06:46:54.178Z","v":0}
{"name":"hexo","hostname":"dawn-2.local","pid":2782,"level":20,"msg":"Processed: \u001b[35msource/vendors/fastclick/lib/fastclick.min.js\u001b[39m","time":"2016-01-10T06:46:54.178Z","v":0}
{"name":"hexo","hostname":"dawn-2.local","pid":2782,"level":20,"msg":"Processed: \u001b[35msource/vendors/fastclick/lib/fastclick.js\u001b[39m","time":"2016-01-10T06:46:54.178Z","v":0}
{"name":"hexo","hostname":"dawn-2.local","pid":2782,"level":20,"msg":"Processed: \u001b[35msource/vendors/fastclick/bower.json\u001b[39m","time":"2016-01-10T06:46:54.179Z","v":0}
{"name":"hexo","hostname":"dawn-2.local","pid":2782,"level":20,"msg":"Processed: \u001b[35msource/vendors/fastclick/README.md\u001b[39m","time":"2016-01-10T06:46:54.179Z","v":0}
{"name":"hexo","hostname":"dawn-2.local","pid":2782,"level":20,"msg":"Processed: \u001b[35msource/vendors/fastclick/LICENSE\u001b[39m","time":"2016-01-10T06:46:54.179Z","v":0}
{"name":"hexo","hostname":"dawn-2.local","pid":2782,"level":20,"msg":"Processed: \u001b[35msource/vendors/fancybox/source/jquery.fancybox.pack.js\u001b[39m","time":"2016-01-10T06:46:54.179Z","v":0}
{"name":"hexo","hostname":"dawn-2.local","pid":2782,"level":20,"msg":"Processed: \u001b[35msource/vendors/fancybox/source/jquery.fancybox.js\u001b[39m","time":"2016-01-10T06:46:54.179Z","v":0}
{"name":"hexo","hostname":"dawn-2.local","pid":2782,"level":20,"msg":"Processed: \u001b[35msource/vendors/fancybox/source/jquery.fancybox.css\u001b[39m","time":"2016-01-10T06:46:54.179Z","v":0}
{"name":"hexo","hostname":"dawn-2.local","pid":2782,"level":20,"msg":"Processed: \u001b[35msource/vendors/fancybox/source/helpers/jquery.fancybox-thumbs.js\u001b[39m","time":"2016-01-10T06:46:54.179Z","v":0}
{"name":"hexo","hostname":"dawn-2.local","pid":2782,"level":20,"msg":"Processed: \u001b[35msource/vendors/fancybox/source/helpers/jquery.fancybox-thumbs.css\u001b[39m","time":"2016-01-10T06:46:54.180Z","v":0}
{"name":"hexo","hostname":"dawn-2.local","pid":2782,"level":20,"msg":"Processed: \u001b[35msource/vendors/fancybox/source/helpers/jquery.fancybox-media.js\u001b[39m","time":"2016-01-10T06:46:54.180Z","v":0}
{"name":"hexo","hostname":"dawn-2.local","pid":2782,"level":20,"msg":"Processed: \u001b[35msource/vendors/fancybox/source/helpers/jquery.fancybox-buttons.js\u001b[39m","time":"2016-01-10T06:46:54.180Z","v":0}
{"name":"hexo","hostname":"dawn-2.local","pid":2782,"level":20,"msg":"Processed: \u001b[35msource/vendors/fancybox/source/helpers/jquery.fancybox-buttons.css\u001b[39m","time":"2016-01-10T06:46:54.180Z","v":0}
{"name":"hexo","hostname":"dawn-2.local","pid":2782,"level":20,"msg":"Processed: \u001b[35msource/vendors/fancybox/source/helpers/fancybox_buttons.png\u001b[39m","time":"2016-01-10T06:46:54.180Z","v":0}
{"name":"hexo","hostname":"dawn-2.local","pid":2782,"level":20,"msg":"Processed: \u001b[35msource/vendors/fancybox/source/fancybox_sprite@2x.png\u001b[39m","time":"2016-01-10T06:46:54.180Z","v":0}
{"name":"hexo","hostname":"dawn-2.local","pid":2782,"level":20,"msg":"Processed: \u001b[35msource/vendors/fancybox/source/fancybox_sprite.png\u001b[39m","time":"2016-01-10T06:46:54.180Z","v":0}
{"name":"hexo","hostname":"dawn-2.local","pid":2782,"level":20,"msg":"Processed: \u001b[35msource/vendors/fancybox/source/fancybox_overlay.png\u001b[39m","time":"2016-01-10T06:46:54.181Z","v":0}
{"name":"hexo","hostname":"dawn-2.local","pid":2782,"level":20,"msg":"Processed: \u001b[35msource/vendors/fancybox/source/fancybox_loading@2x.gif\u001b[39m","time":"2016-01-10T06:46:54.181Z","v":0}
{"name":"hexo","hostname":"dawn-2.local","pid":2782,"level":20,"msg":"Processed: \u001b[35msource/vendors/fancybox/source/fancybox_loading.gif\u001b[39m","time":"2016-01-10T06:46:54.181Z","v":0}
{"name":"hexo","hostname":"dawn-2.local","pid":2782,"level":20,"msg":"Processed: \u001b[35msource/vendors/fancybox/source/blank.gif\u001b[39m","time":"2016-01-10T06:46:54.181Z","v":0}
{"name":"hexo","hostname":"dawn-2.local","pid":2782,"level":20,"msg":"Processed: \u001b[35msource/js/ua-parser.min.js\u001b[39m","time":"2016-01-10T06:46:54.181Z","v":0}
{"name":"hexo","hostname":"dawn-2.local","pid":2782,"level":20,"msg":"Processed: \u001b[35msource/js/motion.js\u001b[39m","time":"2016-01-10T06:46:54.182Z","v":0}
{"name":"hexo","hostname":"dawn-2.local","pid":2782,"level":20,"msg":"Processed: \u001b[35msource/js/hook-duoshuo.js\u001b[39m","time":"2016-01-10T06:46:54.182Z","v":0}
{"name":"hexo","hostname":"dawn-2.local","pid":2782,"level":20,"msg":"Processed: \u001b[35msource/js/helpers.js\u001b[39m","time":"2016-01-10T06:46:54.182Z","v":0}
{"name":"hexo","hostname":"dawn-2.local","pid":2782,"level":20,"msg":"Processed: \u001b[35msource/js/fancy-box.js\u001b[39m","time":"2016-01-10T06:46:54.182Z","v":0}
{"name":"hexo","hostname":"dawn-2.local","pid":2782,"level":20,"msg":"Processed: \u001b[35msource/js/bootstrap.scrollspy.js\u001b[39m","time":"2016-01-10T06:46:54.182Z","v":0}
{"name":"hexo","hostname":"dawn-2.local","pid":2782,"level":20,"msg":"Processed: \u001b[35msource/js/bootstrap.js\u001b[39m","time":"2016-01-10T06:46:54.182Z","v":0}
{"name":"hexo","hostname":"dawn-2.local","pid":2782,"level":20,"msg":"Processed: \u001b[35msource/images/searchicon.png\u001b[39m","time":"2016-01-10T06:46:54.183Z","v":0}
{"name":"hexo","hostname":"dawn-2.local","pid":2782,"level":20,"msg":"Processed: \u001b[35msource/images/quote-r.svg\u001b[39m","time":"2016-01-10T06:46:54.183Z","v":0}
{"name":"hexo","hostname":"dawn-2.local","pid":2782,"level":20,"msg":"Processed: \u001b[35msource/images/quote-l.svg\u001b[39m","time":"2016-01-10T06:46:54.183Z","v":0}
{"name":"hexo","hostname":"dawn-2.local","pid":2782,"level":20,"msg":"Processed: \u001b[35msource/images/placeholder.gif\u001b[39m","time":"2016-01-10T06:46:54.183Z","v":0}
{"name":"hexo","hostname":"dawn-2.local","pid":2782,"level":20,"msg":"Processed: \u001b[35msource/images/loading.gif\u001b[39m","time":"2016-01-10T06:46:54.183Z","v":0}
{"name":"hexo","hostname":"dawn-2.local","pid":2782,"level":20,"msg":"Processed: \u001b[35msource/images/cc-zero.svg\u001b[39m","time":"2016-01-10T06:46:54.183Z","v":0}
{"name":"hexo","hostname":"dawn-2.local","pid":2782,"level":20,"msg":"Processed: \u001b[35msource/images/cc-by.svg\u001b[39m","time":"2016-01-10T06:46:54.184Z","v":0}
{"name":"hexo","hostname":"dawn-2.local","pid":2782,"level":20,"msg":"Processed: \u001b[35msource/images/cc-by-sa.svg\u001b[39m","time":"2016-01-10T06:46:54.184Z","v":0}
{"name":"hexo","hostname":"dawn-2.local","pid":2782,"level":20,"msg":"Processed: \u001b[35msource/images/cc-by-nd.svg\u001b[39m","time":"2016-01-10T06:46:54.184Z","v":0}
{"name":"hexo","hostname":"dawn-2.local","pid":2782,"level":20,"msg":"Processed: \u001b[35msource/images/cc-by-nc.svg\u001b[39m","time":"2016-01-10T06:46:54.185Z","v":0}
{"name":"hexo","hostname":"dawn-2.local","pid":2782,"level":20,"msg":"Processed: \u001b[35msource/images/cc-by-nc-sa.svg\u001b[39m","time":"2016-01-10T06:46:54.185Z","v":0}
{"name":"hexo","hostname":"dawn-2.local","pid":2782,"level":20,"msg":"Processed: \u001b[35msource/images/cc-by-nc-nd.svg\u001b[39m","time":"2016-01-10T06:46:54.185Z","v":0}
{"name":"hexo","hostname":"dawn-2.local","pid":2782,"level":20,"msg":"Processed: \u001b[35msource/css/main.styl\u001b[39m","time":"2016-01-10T06:46:54.185Z","v":0}
{"name":"hexo","hostname":"dawn-2.local","pid":2782,"level":20,"msg":"Processed: \u001b[35mlayout/tag.swig\u001b[39m","time":"2016-01-10T06:46:54.200Z","v":0}
{"name":"hexo","hostname":"dawn-2.local","pid":2782,"level":20,"msg":"Processed: \u001b[35mlayout/post.swig\u001b[39m","time":"2016-01-10T06:46:54.202Z","v":0}
{"name":"hexo","hostname":"dawn-2.local","pid":2782,"level":20,"msg":"Processed: \u001b[35mlayout/page.swig\u001b[39m","time":"2016-01-10T06:46:54.203Z","v":0}
{"name":"hexo","hostname":"dawn-2.local","pid":2782,"level":20,"msg":"Processed: \u001b[35mlayout/index.swig\u001b[39m","time":"2016-01-10T06:46:54.205Z","v":0}
{"name":"hexo","hostname":"dawn-2.local","pid":2782,"level":20,"msg":"Processed: \u001b[35mlayout/category.swig\u001b[39m","time":"2016-01-10T06:46:54.205Z","v":0}
{"name":"hexo","hostname":"dawn-2.local","pid":2782,"level":20,"msg":"Processed: \u001b[35mlayout/archive.swig\u001b[39m","time":"2016-01-10T06:46:54.206Z","v":0}
{"name":"hexo","hostname":"dawn-2.local","pid":2782,"level":20,"msg":"Processed: \u001b[35mlayout/_scripts/tinysou.swig\u001b[39m","time":"2016-01-10T06:46:54.207Z","v":0}
{"name":"hexo","hostname":"dawn-2.local","pid":2782,"level":20,"msg":"Processed: \u001b[35mlayout/_scripts/pages/post-details.swig\u001b[39m","time":"2016-01-10T06:46:54.207Z","v":0}
{"name":"hexo","hostname":"dawn-2.local","pid":2782,"level":20,"msg":"Processed: \u001b[35mlayout/_scripts/motion.swig\u001b[39m","time":"2016-01-10T06:46:54.208Z","v":0}
{"name":"hexo","hostname":"dawn-2.local","pid":2782,"level":20,"msg":"Processed: \u001b[35mlayout/_scripts/mathjax.swig\u001b[39m","time":"2016-01-10T06:46:54.208Z","v":0}
{"name":"hexo","hostname":"dawn-2.local","pid":2782,"level":20,"msg":"Processed: \u001b[35mlayout/_scripts/helpers.swig\u001b[39m","time":"2016-01-10T06:46:54.208Z","v":0}
{"name":"hexo","hostname":"dawn-2.local","pid":2782,"level":20,"msg":"Processed: \u001b[35mlayout/_scripts/fancy-box.swig\u001b[39m","time":"2016-01-10T06:46:54.209Z","v":0}
{"name":"hexo","hostname":"dawn-2.local","pid":2782,"level":20,"msg":"Processed: \u001b[35mlayout/_scripts/comments/duoshuo.swig\u001b[39m","time":"2016-01-10T06:46:54.209Z","v":0}
{"name":"hexo","hostname":"dawn-2.local","pid":2782,"level":20,"msg":"Processed: \u001b[35mlayout/_scripts/comments/disqus.swig\u001b[39m","time":"2016-01-10T06:46:54.209Z","v":0}
{"name":"hexo","hostname":"dawn-2.local","pid":2782,"level":20,"msg":"Processed: \u001b[35mlayout/_scripts/bootstrap.scrollspy.swig\u001b[39m","time":"2016-01-10T06:46:54.210Z","v":0}
{"name":"hexo","hostname":"dawn-2.local","pid":2782,"level":20,"msg":"Processed: \u001b[35mlayout/_scripts/baidushare.swig\u001b[39m","time":"2016-01-10T06:46:54.210Z","v":0}
{"name":"hexo","hostname":"dawn-2.local","pid":2782,"level":20,"msg":"Processed: \u001b[35mlayout/_scripts/analytics.swig\u001b[39m","time":"2016-01-10T06:46:54.211Z","v":0}
{"name":"hexo","hostname":"dawn-2.local","pid":2782,"level":20,"msg":"Processed: \u001b[35mlayout/_scripts/analytics/google-analytics.swig\u001b[39m","time":"2016-01-10T06:46:54.211Z","v":0}
{"name":"hexo","hostname":"dawn-2.local","pid":2782,"level":20,"msg":"Processed: \u001b[35mlayout/_scripts/analytics/facebook-sdk.swig\u001b[39m","time":"2016-01-10T06:46:54.211Z","v":0}
{"name":"hexo","hostname":"dawn-2.local","pid":2782,"level":20,"msg":"Processed: \u001b[35mlayout/_scripts/analytics/baidu-analytics.swig\u001b[39m","time":"2016-01-10T06:46:54.212Z","v":0}
{"name":"hexo","hostname":"dawn-2.local","pid":2782,"level":20,"msg":"Processed: \u001b[35mlayout/_partials/share/jiathis.swig\u001b[39m","time":"2016-01-10T06:46:54.212Z","v":0}
{"name":"hexo","hostname":"dawn-2.local","pid":2782,"level":20,"msg":"Processed: \u001b[35mlayout/_partials/share/duoshuo_share.swig\u001b[39m","time":"2016-01-10T06:46:54.212Z","v":0}
{"name":"hexo","hostname":"dawn-2.local","pid":2782,"level":20,"msg":"Processed: \u001b[35mlayout/_partials/search.swig\u001b[39m","time":"2016-01-10T06:46:54.213Z","v":0}
{"name":"hexo","hostname":"dawn-2.local","pid":2782,"level":20,"msg":"Processed: \u001b[35mlayout/_partials/search/tinysou.swig\u001b[39m","time":"2016-01-10T06:46:54.213Z","v":0}
{"name":"hexo","hostname":"dawn-2.local","pid":2782,"level":20,"msg":"Processed: \u001b[35mlayout/_partials/search/swiftype.swig\u001b[39m","time":"2016-01-10T06:46:54.213Z","v":0}
{"name":"hexo","hostname":"dawn-2.local","pid":2782,"level":20,"msg":"Processed: \u001b[35mlayout/_partials/pagination.swig\u001b[39m","time":"2016-01-10T06:46:54.214Z","v":0}
{"name":"hexo","hostname":"dawn-2.local","pid":2782,"level":20,"msg":"Processed: \u001b[35mlayout/_partials/old-browsers.swig\u001b[39m","time":"2016-01-10T06:46:54.214Z","v":0}
{"name":"hexo","hostname":"dawn-2.local","pid":2782,"level":20,"msg":"Processed: \u001b[35mlayout/_partials/header.swig\u001b[39m","time":"2016-01-10T06:46:54.214Z","v":0}
{"name":"hexo","hostname":"dawn-2.local","pid":2782,"level":20,"msg":"Processed: \u001b[35mlayout/_partials/head.swig\u001b[39m","time":"2016-01-10T06:46:54.214Z","v":0}
{"name":"hexo","hostname":"dawn-2.local","pid":2782,"level":20,"msg":"Processed: \u001b[35mlayout/_partials/footer.swig\u001b[39m","time":"2016-01-10T06:46:54.214Z","v":0}
{"name":"hexo","hostname":"dawn-2.local","pid":2782,"level":20,"msg":"Processed: \u001b[35mlayout/_partials/duoshuo-hot-articles.swig\u001b[39m","time":"2016-01-10T06:46:54.215Z","v":0}
{"name":"hexo","hostname":"dawn-2.local","pid":2782,"level":20,"msg":"Processed: \u001b[35mlayout/_partials/comments.swig\u001b[39m","time":"2016-01-10T06:46:54.215Z","v":0}
{"name":"hexo","hostname":"dawn-2.local","pid":2782,"level":20,"msg":"Processed: \u001b[35mlayout/_macro/sidebar.swig\u001b[39m","time":"2016-01-10T06:46:54.215Z","v":0}
{"name":"hexo","hostname":"dawn-2.local","pid":2782,"level":20,"msg":"Processed: \u001b[35mlayout/_macro/post.swig\u001b[39m","time":"2016-01-10T06:46:54.215Z","v":0}
{"name":"hexo","hostname":"dawn-2.local","pid":2782,"level":20,"msg":"Processed: \u001b[35mlayout/_macro/post-collapse.swig\u001b[39m","time":"2016-01-10T06:46:54.215Z","v":0}
{"name":"hexo","hostname":"dawn-2.local","pid":2782,"level":20,"msg":"Processed: \u001b[35mlayout/_layout.swig\u001b[39m","time":"2016-01-10T06:46:54.216Z","v":0}
{"name":"hexo","hostname":"dawn-2.local","pid":2782,"level":20,"msg":"Processed: \u001b[35mlanguages/zh-tw.yml\u001b[39m","time":"2016-01-10T06:46:54.218Z","v":0}
{"name":"hexo","hostname":"dawn-2.local","pid":2782,"level":20,"msg":"Processed: \u001b[35mlanguages/zh-hk.yml\u001b[39m","time":"2016-01-10T06:46:54.219Z","v":0}
{"name":"hexo","hostname":"dawn-2.local","pid":2782,"level":20,"msg":"Processed: \u001b[35mlanguages/zh-Hans.yml\u001b[39m","time":"2016-01-10T06:46:54.221Z","v":0}
{"name":"hexo","hostname":"dawn-2.local","pid":2782,"level":20,"msg":"Processed: \u001b[35mlanguages/ru.yml\u001b[39m","time":"2016-01-10T06:46:54.227Z","v":0}
{"name":"hexo","hostname":"dawn-2.local","pid":2782,"level":20,"msg":"Processed: \u001b[35mlanguages/pt.yml\u001b[39m","time":"2016-01-10T06:46:54.228Z","v":0}
{"name":"hexo","hostname":"dawn-2.local","pid":2782,"level":20,"msg":"Processed: \u001b[35mlanguages/fr-FR.yml\u001b[39m","time":"2016-01-10T06:46:54.229Z","v":0}
{"name":"hexo","hostname":"dawn-2.local","pid":2782,"level":20,"msg":"Processed: \u001b[35mlanguages/en.yml\u001b[39m","time":"2016-01-10T06:46:54.230Z","v":0}
{"name":"hexo","hostname":"dawn-2.local","pid":2782,"level":20,"msg":"Processed: \u001b[35mlanguages/default.yml\u001b[39m","time":"2016-01-10T06:46:54.231Z","v":0}
{"name":"hexo","hostname":"dawn-2.local","pid":2782,"level":20,"msg":"Processed: \u001b[35mlanguages/de.yml\u001b[39m","time":"2016-01-10T06:46:54.232Z","v":0}
{"name":"hexo","hostname":"dawn-2.local","pid":2782,"level":20,"msg":"Theme config loaded.","time":"2016-01-10T06:46:54.233Z","v":0}
{"name":"hexo","hostname":"dawn-2.local","pid":2782,"level":20,"msg":"Processed: \u001b[35m_config.yml\u001b[39m","time":"2016-01-10T06:46:54.233Z","v":0}
{"name":"hexo","hostname":"dawn-2.local","pid":2782,"level":20,"msg":"Generator: \u001b[35mpage\u001b[39m","time":"2016-01-10T06:46:54.411Z","v":0}
{"name":"hexo","hostname":"dawn-2.local","pid":2782,"level":20,"msg":"Generator: \u001b[35mpost\u001b[39m","time":"2016-01-10T06:46:54.411Z","v":0}
{"name":"hexo","hostname":"dawn-2.local","pid":2782,"level":20,"msg":"Generator: \u001b[35marchive\u001b[39m","time":"2016-01-10T06:46:54.411Z","v":0}
{"name":"hexo","hostname":"dawn-2.local","pid":2782,"level":20,"msg":"Generator: \u001b[35mcategory\u001b[39m","time":"2016-01-10T06:46:54.411Z","v":0}
{"name":"hexo","hostname":"dawn-2.local","pid":2782,"level":20,"msg":"Generator: \u001b[35mindex\u001b[39m","time":"2016-01-10T06:46:54.411Z","v":0}
{"name":"hexo","hostname":"dawn-2.local","pid":2782,"level":20,"msg":"Generator: \u001b[35mtag\u001b[39m","time":"2016-01-10T06:46:54.411Z","v":0}
{"name":"hexo","hostname":"dawn-2.local","pid":2782,"level":20,"msg":"Generator: \u001b[35masset\u001b[39m","time":"2016-01-10T06:46:54.413Z","v":0}
{"name":"hexo","hostname":"dawn-2.local","pid":2782,"level":30,"msg":"Hexo is running at \u001b[4mhttp://0.0.0.0:4000/\u001b[24m. Press Ctrl+C to stop.","time":"2016-01-10T06:46:54.417Z","v":0}
{"name":"hexo","hostname":"dawn-2.local","pid":2782,"level":20,"msg":"Database saved","time":"2016-01-10T06:46:54.425Z","v":0}
{"name":"hexo","hostname":"dawn-2.local","pid":2782,"level":20,"msg":"Rendering index: \u001b[35mindex.html\u001b[39m","time":"2016-01-10T06:46:58.214Z","v":0}
{"name":"hexo","hostname":"dawn-2.local","pid":2782,"level":20,"msg":"Rendering archive: \u001b[35marchives/index.html\u001b[39m","time":"2016-01-10T06:47:08.111Z","v":0}
{"name":"hexo","hostname":"dawn-2.local","pid":2782,"level":20,"msg":"Rendering page: \u001b[35mabout/index.html\u001b[39m","time":"2016-01-10T06:47:11.250Z","v":0}
{"name":"hexo","hostname":"dawn-2.local","pid":2782,"level":20,"msg":"Rendering page: \u001b[35mtags/index.html\u001b[39m","time":"2016-01-10T06:47:13.402Z","v":0}
{"name":"hexo","hostname":"dawn-2.local","pid":2782,"level":30,"msg":"Farewell","time":"2016-01-10T06:47:19.573Z","v":0}
{"name":"hexo","hostname":"dawn-2.local","pid":2782,"level":20,"msg":"Database saved","time":"2016-01-10T06:47:19.584Z","v":0}
